"batch 1"
5000000
1172
665
49
"batch 2"
5000000
1222
671
41
"batch 3"
5000000
1119
637
31
"batch 4"
5000000
1175
644
44
"batch 5"
5000000
1212
684
47
"batch 6"
5000000
1249
707
43
"batch 7"
5000000
1189
681
44
"batch 8"
5000000
1232
712
47
"batch 9"
10000000
2380
1352
73
"batch 10"
5000000
1152
637
38
"batch 11"
5000000
1285
1028
56
"batch 12"
5000000
1233
698
50
"batch 13"
5000000
1217
713
49
"batch 14"
5000000
1199
683
28
"batch 15"
5000000
1159
649
39
"batch 16"
5000000
1095
614
42
"batch 17"
5000000
1248
714
48
"batch 18"
5000000
1217
653
38
"batch 19"
5000000
1170
689
54
"batch 20"
"data/quark01round1.m to data/quark19round1.m"
23925
19460
1321

